<?xml version="1.0" encoding="UTF-8"?>
<!-- Generated by org.testng.reporters.JUnitXMLReporter -->
<testsuite ignored="0" hostname="IOTPL39PC35" failures="1" tests="1" name="example1" time="9.722" errors="0" timestamp="2023-08-28T17:05:55 IST">
  <testcase classname="io.cucumber.testng.AbstractTestNGCucumberTests" name="runScenario" time="0.597">
    <failure type="java.lang.AssertionError" message="expected [OM] but found [Home]">
      <![CDATA[java.lang.AssertionError: expected [OM] but found [Home]
at com.swissre.ioms.stepDefinitions.dummyUI.example.verifyTheAs(example.java:61)
at ✽.Verify the 'Home Text' as 'OM'(file:///C:/Dev/Disha/unified-automation-framework/src/test/java/com/swissre/ioms/features/dummyUI/example3.feature:8)
... Removed 6 stack frames]]>
    </failure>
  </testcase> <!-- runScenario -->
</testsuite> <!-- example1 -->
