-------------------------------------------------------------------------------
Test set: TestSuite
-------------------------------------------------------------------------------
Tests run: 11, Failures: 1, Errors: 0, Skipped: 0, Time elapsed: 12.926 sec <<< FAILURE! - in TestSuite
runScenario(com.InfoOrigin.Template.cucumberRunner.dummyUI.CucumberRunnerTest)  Time elapsed: 0.247 sec  <<< FAILURE!
java.lang.AssertionError: expected [OM] but found [Home]

