<?xml version="1.0" encoding="UTF-8"?>
<testsuite xmlns:xsi="http://www.w3.org/2001/XMLSchema-instance" xsi:schemaLocation="https://maven.apache.org/surefire/maven-surefire-plugin/xsd/surefire-test-report.xsd" name="TestSuite" time="10.549" tests="1" errors="0" skipped="0" failures="1">
  <properties>
[...]
</properties>
  <testcase name="runScenario" classname="com.swissre.ioms.testSuites.dummyUI.CucumberRunnerTest" time="0.606">
    <failure message="expected [OM] but found [Home]" type="java.lang.AssertionError">java.lang.AssertionError: expected [OM] but found [Home]
</failure>
    <system-out><![CDATA[getProperty==dev
getProperty==dev
...before scenarioName....io.cucumber.java.Scenario@5a8ef1de
...set scenarioName....locators
...Scenario Name...com.swissre.ioms.stepDefinitions.sharedHooks.scenarioHook@3b633d69
...scenarioName....locators
...filName...locators
....jsonFilePath....src/test/java/com/swissre/ioms/jsonData/locators.json
...scenarioName....locators
..get...locators
...Key....Home Text
...Key in alterkey....Home Text
...propertyType.....
...objectProperty.....(//a[text()='Home'])[1]
...element.....[[EdgeDriver: msedge on WINDOWS (544f0f3c1906dacc8b5a0b9bf40f4931)] -> xpath: (//a[text()='Home'])[1]]

@IO @SampleUITest @Regression
Scenario: locators: Scenario Verify Home button in InfoOrigin website &amp#27;[90m# src/test/java/com/swissre/ioms/features/dummyUI/example3.feature:6&amp#27;[0m
...scenarioName....locators
..get...locators
...Key....Home Text
...Key in alterkey....Home Text
...propertyType.....
...objectProperty.....(//a[text()='Home'])[1]
...element.....[[EdgeDriver: msedge on WINDOWS (544f0f3c1906dacc8b5a0b9bf40f4931)] -> xpath: (//a[text()='Home'])[1]]
  &amp#27;[32mAnd &amp#27;[0m&amp#27;[32mVerify the text &amp#27;[0m&amp#27;[32m&amp#27;[1m'Home Text'&amp#27;[0m&amp#27;[32m as &amp#27;[0m&amp#27;[32m&amp#27;[1m'Home'&amp#27;[0m                           &amp#27;[90m# com.swissre.ioms.stepDefinitions.dummyUI.example.verifyTheTextHomeTextAsHome(java.lang.String,java.lang.String)&amp#27;[0m
  &amp#27;[31mThen &amp#27;[0m&amp#27;[31mVerify the &amp#27;[0m&amp#27;[31m&amp#27;[1m'Home Text'&amp#27;[0m&amp#27;[31m as &amp#27;[0m&amp#27;[31m&amp#27;[1m'OM'&amp#27;[0m                                 &amp#27;[90m# com.swissre.ioms.stepDefinitions.dummyUI.example.verifyTheAs(java.lang.String,java.lang.String)&amp#27;[0m
]]></system-out>
    <system-err><![CDATA[[main] INFO com.swissre.ioms.testSuites.dummyUI.CucumberRunnerTest - This is CucumberRunnerTest BeforeSuite
Starting Microsoft Edge WebDriver 116.0.1938.62 (493f2197e519d4dde5309fdf4abf4f719089372d) on port 57183
To submit feedback, report a bug, or suggest new features, please visit https://github.com/MicrosoftEdge/EdgeWebDriver

Only local connections are allowed.
Please see https://aka.ms/WebDriverSecurity for suggestions on keeping Microsoft Edge WebDriver safe.

Microsoft Edge WebDriver was started successfully.
Aug 28, 2023 5:05:50 PM org.openqa.selenium.remote.ProtocolHandshake createSession
INFO: Detected dialect: W3C
]]></system-err>
  </testcase>
</testsuite>