<?xml version="1.0" encoding="UTF-8"?>
<testng-results ignored="0" total="11" passed="10" failed="1" skipped="0">
  <reporter-output>
  </reporter-output>
  <suite started-at="2023-09-11T03:55:47 IST" name="testSuites" finished-at="2023-09-11T03:55:59 IST" duration-ms="12204">
    <groups>
      <group name="cucumber">
        <method signature="AbstractTestNGCucumberTests.runScenario(io.cucumber.testng.PickleWrapper,io.cucumber.testng.FeatureWrapper)[pri:0, instance:com.InfoOrigin.Template.cucumberRunner.dummyUI.CucumberRunnerTest@35ef1869]" name="runScenario" class="io.cucumber.testng.AbstractTestNGCucumberTests"/>
      </group> <!-- cucumber -->
    </groups>
    <test started-at="2023-09-11T03:55:47 IST" name="example1" finished-at="2023-09-11T03:55:59 IST" duration-ms="12204">
      <class name="com.InfoOrigin.Template.cucumberRunner.dummyUI.CucumberRunnerTest">
        <test-method is-config="true" signature="beforeAll()[pri:0, instance:com.InfoOrigin.Template.cucumberRunner.dummyUI.CucumberRunnerTest@35ef1869]" started-at="2023-09-11T03:55:47 IST" name="beforeAll" finished-at="2023-09-11T03:55:47 IST" duration-ms="16" status="PASS">
          <reporter-output>
          </reporter-output>
        </test-method> <!-- beforeAll -->
        <test-method is-config="true" signature="setUpClass(org.testng.ITestContext)[pri:0, instance:com.InfoOrigin.Template.cucumberRunner.dummyUI.CucumberRunnerTest@35ef1869]" started-at="2023-09-11T03:55:47 IST" name="setUpClass" finished-at="2023-09-11T03:55:47 IST" duration-ms="548" status="PASS">
          <params>
            <param index="0">
              <value>
                <![CDATA[org.testng.TestRunner@327514f]]>
              </value>
            </param>
          </params>
          <reporter-output>
          </reporter-output>
        </test-method> <!-- setUpClass -->
        <test-method is-config="true" signature="launchBrowser()[pri:0, instance:com.InfoOrigin.Template.cucumberRunner.dummyUI.CucumberRunnerTest@35ef1869]" started-at="2023-09-11T03:55:47 IST" name="launchBrowser" finished-at="2023-09-11T03:55:54 IST" duration-ms="6918" status="PASS">
          <reporter-output>
          </reporter-output>
        </test-method> <!-- launchBrowser -->
        <test-method signature="runScenario(io.cucumber.testng.PickleWrapper,io.cucumber.testng.FeatureWrapper)[pri:0, instance:com.InfoOrigin.Template.cucumberRunner.dummyUI.CucumberRunnerTest@35ef1869]" started-at="2023-09-11T03:55:54 IST" name="runScenario" description="Runs Cucumber Scenarios" data-provider="scenarios" finished-at="2023-09-11T03:55:55 IST" duration-ms="228" status="PASS">
          <params>
            <param index="0">
              <value>
                <![CDATA["Test sample"]]>
              </value>
            </param>
            <param index="1">
              <value>
                <![CDATA["User able to create scenario in TCM"]]>
              </value>
            </param>
          </params>
          <reporter-output>
          </reporter-output>
        </test-method> <!-- runScenario -->
        <test-method signature="runScenario(io.cucumber.testng.PickleWrapper,io.cucumber.testng.FeatureWrapper)[pri:0, instance:com.InfoOrigin.Template.cucumberRunner.dummyUI.CucumberRunnerTest@35ef1869]" started-at="2023-09-11T03:55:55 IST" name="runScenario" description="Runs Cucumber Scenarios" data-provider="scenarios" finished-at="2023-09-11T03:55:57 IST" duration-ms="2514" status="PASS">
          <params>
            <param index="0">
              <value>
                <![CDATA["Test API automation"]]>
              </value>
            </param>
            <param index="1">
              <value>
                <![CDATA["User able to create scenario in TCM"]]>
              </value>
            </param>
          </params>
          <reporter-output>
          </reporter-output>
        </test-method> <!-- runScenario -->
        <test-method signature="runScenario(io.cucumber.testng.PickleWrapper,io.cucumber.testng.FeatureWrapper)[pri:0, instance:com.InfoOrigin.Template.cucumberRunner.dummyUI.CucumberRunnerTest@35ef1869]" started-at="2023-09-11T03:55:57 IST" name="runScenario" description="Runs Cucumber Scenarios" data-provider="scenarios" finished-at="2023-09-11T03:55:57 IST" duration-ms="67" status="PASS">
          <params>
            <param index="0">
              <value>
                <![CDATA["Method to compare Actual json with expected json"]]>
              </value>
            </param>
            <param index="1">
              <value>
                <![CDATA["JSON compare"]]>
              </value>
            </param>
          </params>
          <reporter-output>
          </reporter-output>
        </test-method> <!-- runScenario -->
        <test-method signature="runScenario(io.cucumber.testng.PickleWrapper,io.cucumber.testng.FeatureWrapper)[pri:0, instance:com.InfoOrigin.Template.cucumberRunner.dummyUI.CucumberRunnerTest@35ef1869]" started-at="2023-09-11T03:55:57 IST" name="runScenario" description="Runs Cucumber Scenarios" data-provider="scenarios" finished-at="2023-09-11T03:55:57 IST" duration-ms="95" status="PASS">
          <params>
            <param index="0">
              <value>
                <![CDATA["locators: Verify Home button in InfoOrigin website"]]>
              </value>
            </param>
            <param index="1">
              <value>
                <![CDATA["User able to navigate POM page"]]>
              </value>
            </param>
          </params>
          <reporter-output>
          </reporter-output>
        </test-method> <!-- runScenario -->
        <test-method signature="runScenario(io.cucumber.testng.PickleWrapper,io.cucumber.testng.FeatureWrapper)[pri:0, instance:com.InfoOrigin.Template.cucumberRunner.dummyUI.CucumberRunnerTest@35ef1869]" started-at="2023-09-11T03:55:57 IST" name="runScenario" description="Runs Cucumber Scenarios" data-provider="scenarios" finished-at="2023-09-11T03:55:57 IST" duration-ms="41" status="PASS">
          <params>
            <param index="0">
              <value>
                <![CDATA["locators: Verify Platform button in InfoOrigin website"]]>
              </value>
            </param>
            <param index="1">
              <value>
                <![CDATA["User able to navigate POM page"]]>
              </value>
            </param>
          </params>
          <reporter-output>
          </reporter-output>
        </test-method> <!-- runScenario -->
        <test-method signature="runScenario(io.cucumber.testng.PickleWrapper,io.cucumber.testng.FeatureWrapper)[pri:0, instance:com.InfoOrigin.Template.cucumberRunner.dummyUI.CucumberRunnerTest@35ef1869]" started-at="2023-09-11T03:55:57 IST" name="runScenario" description="Runs Cucumber Scenarios" data-provider="scenarios" finished-at="2023-09-11T03:55:58 IST" duration-ms="656" status="PASS">
          <params>
            <param index="0">
              <value>
                <![CDATA["locators: Fill Leave message form in InfoOrigin website"]]>
              </value>
            </param>
            <param index="1">
              <value>
                <![CDATA["User able to navigate POM page"]]>
              </value>
            </param>
          </params>
          <reporter-output>
          </reporter-output>
        </test-method> <!-- runScenario -->
        <test-method signature="runScenario(io.cucumber.testng.PickleWrapper,io.cucumber.testng.FeatureWrapper)[pri:0, instance:com.InfoOrigin.Template.cucumberRunner.dummyUI.CucumberRunnerTest@35ef1869]" started-at="2023-09-11T03:55:58 IST" name="runScenario" description="Runs Cucumber Scenarios" data-provider="scenarios" finished-at="2023-09-11T03:55:58 IST" duration-ms="29" status="PASS">
          <params>
            <param index="0">
              <value>
                <![CDATA["locators: Verify Services button in InfoOrigin website"]]>
              </value>
            </param>
            <param index="1">
              <value>
                <![CDATA["Verify TCM home page details"]]>
              </value>
            </param>
          </params>
          <reporter-output>
          </reporter-output>
        </test-method> <!-- runScenario -->
        <test-method signature="runScenario(io.cucumber.testng.PickleWrapper,io.cucumber.testng.FeatureWrapper)[pri:0, instance:com.InfoOrigin.Template.cucumberRunner.dummyUI.CucumberRunnerTest@35ef1869]" started-at="2023-09-11T03:55:58 IST" name="runScenario" description="Runs Cucumber Scenarios" data-provider="scenarios" finished-at="2023-09-11T03:55:58 IST" duration-ms="31" status="PASS">
          <params>
            <param index="0">
              <value>
                <![CDATA["locators: Verify Careers button in InfoOrigin website"]]>
              </value>
            </param>
            <param index="1">
              <value>
                <![CDATA["Verify TCM home page details"]]>
              </value>
            </param>
          </params>
          <reporter-output>
          </reporter-output>
        </test-method> <!-- runScenario -->
        <test-method signature="runScenario(io.cucumber.testng.PickleWrapper,io.cucumber.testng.FeatureWrapper)[pri:0, instance:com.InfoOrigin.Template.cucumberRunner.dummyUI.CucumberRunnerTest@35ef1869]" started-at="2023-09-11T03:55:58 IST" name="runScenario" description="Runs Cucumber Scenarios" data-provider="scenarios" finished-at="2023-09-11T03:55:58 IST" duration-ms="213" status="PASS">
          <params>
            <param index="0">
              <value>
                <![CDATA["locators: Verify Careers button in InfoOrigin website"]]>
              </value>
            </param>
            <param index="1">
              <value>
                <![CDATA["Verify TCM home page details"]]>
              </value>
            </param>
          </params>
          <reporter-output>
          </reporter-output>
        </test-method> <!-- runScenario -->
        <test-method signature="runScenario(io.cucumber.testng.PickleWrapper,io.cucumber.testng.FeatureWrapper)[pri:0, instance:com.InfoOrigin.Template.cucumberRunner.dummyUI.CucumberRunnerTest@35ef1869]" started-at="2023-09-11T03:55:58 IST" name="runScenario" description="Runs Cucumber Scenarios" data-provider="scenarios" finished-at="2023-09-11T03:55:58 IST" duration-ms="212" status="PASS">
          <params>
            <param index="0">
              <value>
                <![CDATA["locators: Verify Careers button in InfoOrigin website"]]>
              </value>
            </param>
            <param index="1">
              <value>
                <![CDATA["Verify TCM home page details"]]>
              </value>
            </param>
          </params>
          <reporter-output>
          </reporter-output>
        </test-method> <!-- runScenario -->
        <test-method signature="runScenario(io.cucumber.testng.PickleWrapper,io.cucumber.testng.FeatureWrapper)[pri:0, instance:com.InfoOrigin.Template.cucumberRunner.dummyUI.CucumberRunnerTest@35ef1869]" started-at="2023-09-11T03:55:58 IST" name="runScenario" description="Runs Cucumber Scenarios" data-provider="scenarios" finished-at="2023-09-11T03:55:59 IST" duration-ms="239" status="FAIL">
          <params>
            <param index="0">
              <value>
                <![CDATA["locators: Scenario Verify Home button in InfoOrigin website"]]>
              </value>
            </param>
            <param index="1">
              <value>
                <![CDATA["User able to create deal in TCM"]]>
              </value>
            </param>
          </params>
          <exception class="java.lang.AssertionError">
            <message>
              <![CDATA[expected [OM] but found [Home]]]>
            </message>
            <full-stacktrace>
              <![CDATA[java.lang.AssertionError: expected [OM] but found [Home]
at org.testng.Assert.fail(Assert.java:110)
at org.testng.Assert.failNotEquals(Assert.java:1413)
at org.testng.Assert.assertEqualsImpl(Assert.java:149)
at org.testng.Assert.assertEquals(Assert.java:131)
at org.testng.Assert.assertEquals(Assert.java:655)
at org.testng.Assert.assertEquals(Assert.java:665)
at com.InfoOrigin.Template.stepDefinitions.dummyUI.example.verifyTheAs(example.java:61)
at âœ½.Verify the 'Home Text' as 'OM'(file:///C:/Dev/New%20folder/Selenium_RestAssuredFramework/src/test/java/com/InfoOrigin/Template/features/dummyUI/example3.feature:9)
]]>
            </full-stacktrace>
          </exception> <!-- java.lang.AssertionError -->
          <reporter-output>
          </reporter-output>
        </test-method> <!-- runScenario -->
        <test-method is-config="true" signature="destroyBrowser()[pri:0, instance:com.InfoOrigin.Template.cucumberRunner.dummyUI.CucumberRunnerTest@35ef1869]" started-at="2023-09-11T03:55:59 IST" name="destroyBrowser" finished-at="2023-09-11T03:55:59 IST" duration-ms="226" status="PASS">
          <reporter-output>
          </reporter-output>
        </test-method> <!-- destroyBrowser -->
        <test-method is-config="true" signature="tearDownClass()[pri:0, instance:com.InfoOrigin.Template.cucumberRunner.dummyUI.CucumberRunnerTest@35ef1869]" started-at="2023-09-11T03:55:59 IST" name="tearDownClass" finished-at="2023-09-11T03:55:59 IST" duration-ms="131" status="PASS">
          <reporter-output>
          </reporter-output>
        </test-method> <!-- tearDownClass -->
        <test-method is-config="true" signature="afterAll()[pri:0, instance:com.InfoOrigin.Template.cucumberRunner.dummyUI.CucumberRunnerTest@35ef1869]" started-at="2023-09-11T03:55:59 IST" name="afterAll" finished-at="2023-09-11T03:55:59 IST" duration-ms="1" status="PASS">
          <reporter-output>
          </reporter-output>
        </test-method> <!-- afterAll -->
      </class> <!-- com.InfoOrigin.Template.cucumberRunner.dummyUI.CucumberRunnerTest -->
    </test> <!-- example1 -->
  </suite> <!-- testSuites -->
</testng-results>
