<?xml version="1.0" encoding="UTF-8"?>
<testng-results ignored="0" total="2" passed="2" failed="0" skipped="0">
  <reporter-output>
  </reporter-output>
  <suite started-at="2023-10-10T14:41:24 IST" name="testSuites" finished-at="2023-10-10T14:41:32 IST" duration-ms="8850">
    <groups>
      <group name="cucumber">
        <method signature="AbstractTestNGCucumberTests.runScenario(io.cucumber.testng.PickleWrapper,io.cucumber.testng.FeatureWrapper)[pri:0, instance:com.InfoOrigin.Template.cucumberRunner.dummyUI.CucumberRunnerTest@35ef1869]" name="runScenario" class="io.cucumber.testng.AbstractTestNGCucumberTests"/>
      </group> <!-- cucumber -->
    </groups>
    <test started-at="2023-10-10T14:41:24 IST" name="example1" finished-at="2023-10-10T14:41:32 IST" duration-ms="8850">
      <class name="com.InfoOrigin.Template.cucumberRunner.dummyUI.CucumberRunnerTest">
        <test-method is-config="true" signature="beforeAll()[pri:0, instance:com.InfoOrigin.Template.cucumberRunner.dummyUI.CucumberRunnerTest@35ef1869]" started-at="2023-10-10T14:41:24 IST" name="beforeAll" finished-at="2023-10-10T14:41:24 IST" duration-ms="31" status="PASS">
          <reporter-output>
          </reporter-output>
        </test-method> <!-- beforeAll -->
        <test-method is-config="true" signature="setUpClass(org.testng.ITestContext)[pri:0, instance:com.InfoOrigin.Template.cucumberRunner.dummyUI.CucumberRunnerTest@35ef1869]" started-at="2023-10-10T14:41:24 IST" name="setUpClass" finished-at="2023-10-10T14:41:24 IST" duration-ms="856" status="PASS">
          <params>
            <param index="0">
              <value>
                <![CDATA[org.testng.TestRunner@1165b38]]>
              </value>
            </param>
          </params>
          <reporter-output>
          </reporter-output>
        </test-method> <!-- setUpClass -->
        <test-method is-config="true" signature="launchBrowser()[pri:0, instance:com.InfoOrigin.Template.cucumberRunner.dummyUI.CucumberRunnerTest@35ef1869]" started-at="2023-10-10T14:41:24 IST" name="launchBrowser" finished-at="2023-10-10T14:41:32 IST" duration-ms="7113" status="PASS">
          <reporter-output>
          </reporter-output>
        </test-method> <!-- launchBrowser -->
        <test-method signature="runScenario(io.cucumber.testng.PickleWrapper,io.cucumber.testng.FeatureWrapper)[pri:0, instance:com.InfoOrigin.Template.cucumberRunner.dummyUI.CucumberRunnerTest@35ef1869]" started-at="2023-10-10T14:41:32 IST" name="runScenario" description="Runs Cucumber Scenarios" data-provider="scenarios" finished-at="2023-10-10T14:41:32 IST" duration-ms="403" status="PASS">
          <params>
            <param index="0">
              <value>
                <![CDATA["locators: Verify Home button in InfoOrigin website"]]>
              </value>
            </param>
            <param index="1">
              <value>
                <![CDATA["User able to navigate POM page"]]>
              </value>
            </param>
          </params>
          <reporter-output>
          </reporter-output>
        </test-method> <!-- runScenario -->
        <test-method signature="runScenario(io.cucumber.testng.PickleWrapper,io.cucumber.testng.FeatureWrapper)[pri:0, instance:com.InfoOrigin.Template.cucumberRunner.dummyUI.CucumberRunnerTest@35ef1869]" started-at="2023-10-10T14:41:32 IST" name="runScenario" description="Runs Cucumber Scenarios" data-provider="scenarios" finished-at="2023-10-10T14:41:32 IST" duration-ms="75" status="PASS">
          <params>
            <param index="0">
              <value>
                <![CDATA["locators: Verify Platform button in InfoOrigin website"]]>
              </value>
            </param>
            <param index="1">
              <value>
                <![CDATA["User able to navigate POM page"]]>
              </value>
            </param>
          </params>
          <reporter-output>
          </reporter-output>
        </test-method> <!-- runScenario -->
        <test-method is-config="true" signature="destroyBrowser()[pri:0, instance:com.InfoOrigin.Template.cucumberRunner.dummyUI.CucumberRunnerTest@35ef1869]" started-at="2023-10-10T14:41:32 IST" name="destroyBrowser" finished-at="2023-10-10T14:41:32 IST" duration-ms="260" status="PASS">
          <reporter-output>
          </reporter-output>
        </test-method> <!-- destroyBrowser -->
        <test-method is-config="true" signature="tearDownClass()[pri:0, instance:com.InfoOrigin.Template.cucumberRunner.dummyUI.CucumberRunnerTest@35ef1869]" started-at="2023-10-10T14:41:32 IST" name="tearDownClass" finished-at="2023-10-10T14:41:32 IST" duration-ms="101" status="PASS">
          <reporter-output>
          </reporter-output>
        </test-method> <!-- tearDownClass -->
        <test-method is-config="true" signature="afterAll()[pri:0, instance:com.InfoOrigin.Template.cucumberRunner.dummyUI.CucumberRunnerTest@35ef1869]" started-at="2023-10-10T14:41:32 IST" name="afterAll" finished-at="2023-10-10T14:41:32 IST" duration-ms="1" status="PASS">
          <reporter-output>
          </reporter-output>
        </test-method> <!-- afterAll -->
      </class> <!-- com.InfoOrigin.Template.cucumberRunner.dummyUI.CucumberRunnerTest -->
    </test> <!-- example1 -->
  </suite> <!-- testSuites -->
</testng-results>
